#! /c/Source/iverilog-install/bin/vvp
:ivl_version "12.0 (devel)" "(s20150603-1539-g2693dd32b)";
:ivl_delay_selection "TYPICAL";
:vpi_time_precision - 12;
:vpi_module "C:\iverilog\lib\ivl\system.vpi";
:vpi_module "C:\iverilog\lib\ivl\vhdl_sys.vpi";
:vpi_module "C:\iverilog\lib\ivl\vhdl_textio.vpi";
:vpi_module "C:\iverilog\lib\ivl\v2005_math.vpi";
:vpi_module "C:\iverilog\lib\ivl\va_math.vpi";
S_000002b050c0edf0 .scope module, "tb_trafficv2" "tb_trafficv2" 2 4;
 .timescale -9 -12;
v000002b050c61b40_0 .var "B", 0 0;
v000002b050c624a0_0 .var "X", 0 0;
v000002b050c62040_0 .var "char", 7 0;
v000002b050c62180_0 .var "clear", 0 0;
v000002b050c62720_0 .var "clk", 0 0;
v000002b050c618c0_0 .net "country", 1 0, v000002b050c620e0_0;  1 drivers
v000002b050c62400_0 .var "hours", 4 0;
v000002b050c61c80_0 .net "hwy", 1 0, v000002b050c625e0_0;  1 drivers
v000002b050c61d20_0 .net "is_true", 0 0, v000002b050c62680_0;  1 drivers
v000002b050c61960_0 .net "is_true1", 0 0, L_000002b050c64090;  1 drivers
v000002b050c64310_0 .var "minutes", 5 0;
S_000002b050c0ef80 .scope module, "DUT" "first" 2 17, 3 33 0, S_000002b050c0edf0;
 .timescale -9 -12;
    .port_info 0 /OUTPUT 2 "hwy";
    .port_info 1 /OUTPUT 2 "country";
    .port_info 2 /INPUT 1 "X";
    .port_info 3 /INPUT 1 "B";
    .port_info 4 /INPUT 1 "clock";
    .port_info 5 /INPUT 1 "clear";
    .port_info 6 /INPUT 5 "hours";
    .port_info 7 /INPUT 6 "minutes";
    .port_info 8 /INPUT 8 "char";
    .port_info 9 /OUTPUT 1 "is_true";
    .port_info 10 /OUTPUT 1 "is_true1";
v000002b050c61be0_0 .net "B", 0 0, v000002b050c61b40_0;  1 drivers
v000002b050c61aa0_0 .net "X", 0 0, v000002b050c624a0_0;  1 drivers
v000002b050c61e60_0 .net "char", 7 0, v000002b050c62040_0;  1 drivers
v000002b050c62540_0 .net "clear", 0 0, v000002b050c62180_0;  1 drivers
v000002b050c61a00_0 .net "clock", 0 0, v000002b050c62720_0;  1 drivers
v000002b050c620e0_0 .var "country", 1 0;
v000002b050c62360_0 .net "hours", 4 0, v000002b050c62400_0;  1 drivers
v000002b050c625e0_0 .var "hwy", 1 0;
v000002b050c62680_0 .var "is_true", 0 0;
v000002b050c61dc0_0 .net "is_true1", 0 0, L_000002b050c64090;  alias, 1 drivers
v000002b050c627c0_0 .net "minutes", 5 0, v000002b050c64310_0;  1 drivers
v000002b050c61f00_0 .var "next_state", 2 0;
v000002b050c61fa0_0 .var "state", 2 0;
E_000002b050bfb1e0/0 .event anyedge, v000002b050c627c0_0, v000002b050c62360_0, v000002b050c622c0_0, v000002b050c61aa0_0;
E_000002b050bfb1e0/1 .event anyedge, v000002b050c62540_0, v000002b050c61fa0_0;
E_000002b050bfb1e0 .event/or E_000002b050bfb1e0/0, E_000002b050bfb1e0/1;
E_000002b050bfb4a0 .event anyedge, v000002b050c61fa0_0;
E_000002b050bfad20 .event posedge, v000002b050c61a00_0;
S_000002b050c05ed0 .scope module, "char_det_inst" "char_detector" 3 78, 3 25 0, S_000002b050c0ef80;
 .timescale -9 -12;
    .port_info 0 /INPUT 8 "char";
    .port_info 1 /OUTPUT 1 "is_true1";
L_000002b050c64898 .functor BUFT 1, C4<01000001>, C4<0>, C4<0>, C4<0>;
v000002b050bd3250_0 .net/2u *"_ivl_0", 7 0, L_000002b050c64898;  1 drivers
v000002b050bd2e40_0 .net *"_ivl_2", 0 0, L_000002b050c63b90;  1 drivers
L_000002b050c648e0 .functor BUFT 1, C4<1>, C4<0>, C4<0>, C4<0>;
v000002b050c0f110_0 .net/2u *"_ivl_4", 0 0, L_000002b050c648e0;  1 drivers
L_000002b050c64928 .functor BUFT 1, C4<0>, C4<0>, C4<0>, C4<0>;
v000002b050c0f1b0_0 .net/2u *"_ivl_6", 0 0, L_000002b050c64928;  1 drivers
v000002b050c62220_0 .net "char", 7 0, v000002b050c62040_0;  alias, 1 drivers
v000002b050c622c0_0 .net "is_true1", 0 0, L_000002b050c64090;  alias, 1 drivers
L_000002b050c63b90 .cmp/eq 8, v000002b050c62040_0, L_000002b050c64898;
L_000002b050c64090 .functor MUXZ 1, L_000002b050c64928, L_000002b050c648e0, L_000002b050c63b90, C4<>;
    .scope S_000002b050c0ef80;
T_0 ;
    %pushi/vec4 0, 0, 3;
    %store/vec4 v000002b050c61fa0_0, 0, 3;
    %pushi/vec4 0, 0, 3;
    %store/vec4 v000002b050c61f00_0, 0, 3;
    %pushi/vec4 3, 0, 2;
    %store/vec4 v000002b050c625e0_0, 0, 2;
    %pushi/vec4 0, 0, 2;
    %store/vec4 v000002b050c620e0_0, 0, 2;
    %pushi/vec4 0, 0, 1;
    %store/vec4 v000002b050c62680_0, 0, 1;
    %end;
    .thread T_0;
    .scope S_000002b050c0ef80;
T_1 ;
    %wait E_000002b050bfad20;
    %load/vec4 v000002b050c61f00_0;
    %assign/vec4 v000002b050c61fa0_0, 0;
    %jmp T_1;
    .thread T_1;
    .scope S_000002b050c0ef80;
T_2 ;
    %wait E_000002b050bfb4a0;
    %load/vec4 v000002b050c61fa0_0;
    %dup/vec4;
    %pushi/vec4 0, 0, 3;
    %cmp/u;
    %jmp/1 T_2.0, 6;
    %dup/vec4;
    %pushi/vec4 1, 0, 3;
    %cmp/u;
    %jmp/1 T_2.1, 6;
    %dup/vec4;
    %pushi/vec4 2, 0, 3;
    %cmp/u;
    %jmp/1 T_2.2, 6;
    %dup/vec4;
    %pushi/vec4 3, 0, 3;
    %cmp/u;
    %jmp/1 T_2.3, 6;
    %dup/vec4;
    %pushi/vec4 4, 0, 3;
    %cmp/u;
    %jmp/1 T_2.4, 6;
    %pushi/vec4 3, 0, 2;
    %store/vec4 v000002b050c625e0_0, 0, 2;
    %pushi/vec4 0, 0, 2;
    %store/vec4 v000002b050c620e0_0, 0, 2;
    %jmp T_2.6;
T_2.0 ;
    %pushi/vec4 3, 0, 2;
    %store/vec4 v000002b050c625e0_0, 0, 2;
    %pushi/vec4 0, 0, 2;
    %store/vec4 v000002b050c620e0_0, 0, 2;
    %jmp T_2.6;
T_2.1 ;
    %pushi/vec4 3, 0, 2;
    %store/vec4 v000002b050c625e0_0, 0, 2;
    %pushi/vec4 0, 0, 2;
    %store/vec4 v000002b050c620e0_0, 0, 2;
    %jmp T_2.6;
T_2.2 ;
    %pushi/vec4 1, 0, 2;
    %store/vec4 v000002b050c625e0_0, 0, 2;
    %pushi/vec4 0, 0, 2;
    %store/vec4 v000002b050c620e0_0, 0, 2;
    %jmp T_2.6;
T_2.3 ;
    %pushi/vec4 0, 0, 2;
    %store/vec4 v000002b050c625e0_0, 0, 2;
    %pushi/vec4 3, 0, 2;
    %store/vec4 v000002b050c620e0_0, 0, 2;
    %jmp T_2.6;
T_2.4 ;
    %pushi/vec4 0, 0, 2;
    %store/vec4 v000002b050c625e0_0, 0, 2;
    %pushi/vec4 1, 0, 2;
    %store/vec4 v000002b050c620e0_0, 0, 2;
    %jmp T_2.6;
T_2.6 ;
    %pop/vec4 1;
    %jmp T_2;
    .thread T_2, $push;
    .scope S_000002b050c0ef80;
T_3 ;
    %wait E_000002b050bfb1e0;
    %load/vec4 v000002b050c62360_0;
    %pad/u 32;
    %cmpi/u 5, 0, 32;
    %flag_inv 5; GE is !LT
    %flag_get/vec4 5;
    %jmp/0 T_3.3, 5;
    %load/vec4 v000002b050c62360_0;
    %pad/u 32;
    %cmpi/u 9, 0, 32;
    %flag_get/vec4 5;
    %and;
T_3.3;
    %flag_set/vec4 8;
    %jmp/1 T_3.2, 8;
    %load/vec4 v000002b050c62360_0;
    %pad/u 32;
    %cmpi/e 9, 0, 32;
    %flag_get/vec4 4;
    %jmp/0 T_3.4, 4;
    %load/vec4 v000002b050c627c0_0;
    %pad/u 32;
    %pushi/vec4 0, 0, 32;
    %cmp/e;
    %flag_get/vec4 4;
    %and;
T_3.4;
    %flag_set/vec4 9;
    %flag_or 8, 9;
T_3.2;
    %jmp/0xz  T_3.0, 8;
    %load/vec4 v000002b050c62540_0;
    %flag_set/vec4 8;
    %jmp/0xz  T_3.5, 8;
    %pushi/vec4 0, 0, 3;
    %store/vec4 v000002b050c61f00_0, 0, 3;
    %jmp T_3.6;
T_3.5 ;
    %load/vec4 v000002b050c61fa0_0;
    %dup/vec4;
    %pushi/vec4 0, 0, 3;
    %cmp/u;
    %jmp/1 T_3.7, 6;
    %dup/vec4;
    %pushi/vec4 1, 0, 3;
    %cmp/u;
    %jmp/1 T_3.8, 6;
    %dup/vec4;
    %pushi/vec4 2, 0, 3;
    %cmp/u;
    %jmp/1 T_3.9, 6;
    %dup/vec4;
    %pushi/vec4 3, 0, 3;
    %cmp/u;
    %jmp/1 T_3.10, 6;
    %dup/vec4;
    %pushi/vec4 4, 0, 3;
    %cmp/u;
    %jmp/1 T_3.11, 6;
    %pushi/vec4 0, 0, 3;
    %store/vec4 v000002b050c61f00_0, 0, 3;
    %jmp T_3.13;
T_3.7 ;
    %load/vec4 v000002b050c61aa0_0;
    %flag_set/vec4 8;
    %jmp/0xz  T_3.14, 8;
    %pushi/vec4 1, 0, 3;
    %store/vec4 v000002b050c61f00_0, 0, 3;
    %jmp T_3.15;
T_3.14 ;
    %load/vec4 v000002b050c61dc0_0;
    %flag_set/vec4 8;
    %jmp/0xz  T_3.16, 8;
    %pushi/vec4 2, 0, 3;
    %store/vec4 v000002b050c61f00_0, 0, 3;
    %jmp T_3.17;
T_3.16 ;
    %pushi/vec4 0, 0, 3;
    %store/vec4 v000002b050c61f00_0, 0, 3;
T_3.17 ;
T_3.15 ;
    %jmp T_3.13;
T_3.8 ;
    %pushi/vec4 2, 0, 3;
    %store/vec4 v000002b050c61f00_0, 0, 3;
    %jmp T_3.13;
T_3.9 ;
    %pushi/vec4 3, 0, 3;
    %store/vec4 v000002b050c61f00_0, 0, 3;
    %jmp T_3.13;
T_3.10 ;
    %pushi/vec4 4, 0, 3;
    %store/vec4 v000002b050c61f00_0, 0, 3;
    %jmp T_3.13;
T_3.11 ;
    %pushi/vec4 0, 0, 3;
    %store/vec4 v000002b050c61f00_0, 0, 3;
    %jmp T_3.13;
T_3.13 ;
    %pop/vec4 1;
T_3.6 ;
    %jmp T_3.1;
T_3.0 ;
    %load/vec4 v000002b050c62540_0;
    %flag_set/vec4 8;
    %jmp/0xz  T_3.18, 8;
    %pushi/vec4 0, 0, 3;
    %store/vec4 v000002b050c61f00_0, 0, 3;
    %jmp T_3.19;
T_3.18 ;
    %load/vec4 v000002b050c61fa0_0;
    %dup/vec4;
    %pushi/vec4 0, 0, 3;
    %cmp/u;
    %jmp/1 T_3.20, 6;
    %dup/vec4;
    %pushi/vec4 2, 0, 3;
    %cmp/u;
    %jmp/1 T_3.21, 6;
    %dup/vec4;
    %pushi/vec4 4, 0, 3;
    %cmp/u;
    %jmp/1 T_3.22, 6;
    %pushi/vec4 0, 0, 3;
    %store/vec4 v000002b050c61f00_0, 0, 3;
    %jmp T_3.24;
T_3.20 ;
    %load/vec4 v000002b050c61dc0_0;
    %flag_set/vec4 8;
    %jmp/0xz  T_3.25, 8;
    %pushi/vec4 2, 0, 3;
    %store/vec4 v000002b050c61f00_0, 0, 3;
    %jmp T_3.26;
T_3.25 ;
    %pushi/vec4 0, 0, 3;
    %store/vec4 v000002b050c61f00_0, 0, 3;
T_3.26 ;
    %jmp T_3.24;
T_3.21 ;
    %pushi/vec4 4, 0, 3;
    %store/vec4 v000002b050c61f00_0, 0, 3;
    %jmp T_3.24;
T_3.22 ;
    %pushi/vec4 0, 0, 3;
    %store/vec4 v000002b050c61f00_0, 0, 3;
    %jmp T_3.24;
T_3.24 ;
    %pop/vec4 1;
T_3.19 ;
T_3.1 ;
    %jmp T_3;
    .thread T_3, $push;
    .scope S_000002b050c0edf0;
T_4 ;
    %pushi/vec4 0, 0, 1;
    %store/vec4 v000002b050c62720_0, 0, 1;
T_4.0 ;
    %delay 5000, 0;
    %load/vec4 v000002b050c62720_0;
    %inv;
    %store/vec4 v000002b050c62720_0, 0, 1;
    %jmp T_4.0;
    %end;
    .thread T_4;
    .scope S_000002b050c0edf0;
T_5 ;
    %vpi_call 2 38 "$display", "Starting TB..." {0 0 0};
    %vpi_call 2 39 "$dumpfile", "trafficv2.vcd" {0 0 0};
    %vpi_call 2 40 "$dumpvars", 32'sb00000000000000000000000000000000, S_000002b050c0edf0 {0 0 0};
    %pushi/vec4 1, 0, 1;
    %store/vec4 v000002b050c62180_0, 0, 1;
    %pushi/vec4 0, 0, 1;
    %store/vec4 v000002b050c624a0_0, 0, 1;
    %pushi/vec4 0, 0, 1;
    %store/vec4 v000002b050c61b40_0, 0, 1;
    %pushi/vec4 4, 0, 5;
    %store/vec4 v000002b050c62400_0, 0, 5;
    %pushi/vec4 59, 0, 6;
    %store/vec4 v000002b050c64310_0, 0, 6;
    %pushi/vec4 0, 0, 8;
    %store/vec4 v000002b050c62040_0, 0, 8;
    %delay 12000, 0;
    %pushi/vec4 0, 0, 1;
    %store/vec4 v000002b050c62180_0, 0, 1;
    %delay 20000, 0;
    %pushi/vec4 5, 0, 5;
    %store/vec4 v000002b050c62400_0, 0, 5;
    %pushi/vec4 0, 0, 6;
    %store/vec4 v000002b050c64310_0, 0, 6;
    %pushi/vec4 65, 0, 8;
    %store/vec4 v000002b050c62040_0, 0, 8;
    %delay 200000, 0;
    %vpi_call 2 50 "$display", "Ending TB..." {0 0 0};
    %vpi_call 2 51 "$finish" {0 0 0};
    %end;
    .thread T_5;
# The file index is used to find the file name in the following table.
:file_names 4;
    "N/A";
    "<interactive>";
    "tb_trafficv2.v";
    "trafficv2.v";
