#! /c/Source/iverilog-install/bin/vvp
:ivl_version "12.0 (devel)" "(s20150603-1539-g2693dd32b)";
:ivl_delay_selection "TYPICAL";
:vpi_time_precision - 12;
:vpi_module "C:\iverilog\lib\ivl\system.vpi";
:vpi_module "C:\iverilog\lib\ivl\vhdl_sys.vpi";
:vpi_module "C:\iverilog\lib\ivl\vhdl_textio.vpi";
:vpi_module "C:\iverilog\lib\ivl\v2005_math.vpi";
:vpi_module "C:\iverilog\lib\ivl\va_math.vpi";
S_000001b1dd529f20 .scope module, "tb_traffic" "tb_traffic" 2 3;
 .timescale -9 -12;
v000001b1dd577350_0 .var "clk", 0 0;
v000001b1dd573070_0 .net "light", 1 0, v000001b1dd542e40_0;  1 drivers
v000001b1dd573110_0 .var "reset", 0 0;
S_000001b1dd576fd0 .scope module, "TL" "traffic_light" 2 9, 3 1 0, S_000001b1dd529f20;
 .timescale 0 0;
    .port_info 0 /INPUT 1 "clk";
    .port_info 1 /INPUT 1 "reset";
    .port_info 2 /OUTPUT 2 "light";
P_000001b1dd577160 .param/l "GREEN" 1 3 8, C4<01>;
P_000001b1dd577198 .param/l "RED" 1 3 7, C4<00>;
P_000001b1dd5771d0 .param/l "YELLOW" 1 3 9, C4<10>;
v000001b1dd5430c0_0 .net "clk", 0 0, v000001b1dd577350_0;  1 drivers
v000001b1dd5432e0_0 .var "counter", 3 0;
v000001b1dd542e40_0 .var "light", 1 0;
v000001b1dd577210_0 .net "reset", 0 0, v000001b1dd573110_0;  1 drivers
v000001b1dd5772b0_0 .var "state", 1 0;
E_000001b1dd57ae00 .event anyedge, v000001b1dd5772b0_0;
E_000001b1dd57aec0 .event posedge, v000001b1dd577210_0, v000001b1dd5430c0_0;
    .scope S_000001b1dd576fd0;
T_0 ;
    %wait E_000001b1dd57aec0;
    %load/vec4 v000001b1dd577210_0;
    %flag_set/vec4 8;
    %jmp/0xz  T_0.0, 8;
    %pushi/vec4 0, 0, 2;
    %assign/vec4 v000001b1dd5772b0_0, 0;
    %pushi/vec4 0, 0, 4;
    %assign/vec4 v000001b1dd5432e0_0, 0;
    %jmp T_0.1;
T_0.0 ;
    %load/vec4 v000001b1dd5432e0_0;
    %addi 1, 0, 4;
    %assign/vec4 v000001b1dd5432e0_0, 0;
    %load/vec4 v000001b1dd5772b0_0;
    %dup/vec4;
    %pushi/vec4 0, 0, 2;
    %cmp/u;
    %jmp/1 T_0.2, 6;
    %dup/vec4;
    %pushi/vec4 1, 0, 2;
    %cmp/u;
    %jmp/1 T_0.3, 6;
    %dup/vec4;
    %pushi/vec4 2, 0, 2;
    %cmp/u;
    %jmp/1 T_0.4, 6;
    %jmp T_0.5;
T_0.2 ;
    %load/vec4 v000001b1dd5432e0_0;
    %pad/u 32;
    %cmpi/e 4, 0, 32;
    %jmp/0xz  T_0.6, 4;
    %pushi/vec4 1, 0, 2;
    %assign/vec4 v000001b1dd5772b0_0, 0;
    %pushi/vec4 0, 0, 4;
    %assign/vec4 v000001b1dd5432e0_0, 0;
T_0.6 ;
    %jmp T_0.5;
T_0.3 ;
    %load/vec4 v000001b1dd5432e0_0;
    %pad/u 32;
    %cmpi/e 3, 0, 32;
    %jmp/0xz  T_0.8, 4;
    %pushi/vec4 2, 0, 2;
    %assign/vec4 v000001b1dd5772b0_0, 0;
    %pushi/vec4 0, 0, 4;
    %assign/vec4 v000001b1dd5432e0_0, 0;
T_0.8 ;
    %jmp T_0.5;
T_0.4 ;
    %load/vec4 v000001b1dd5432e0_0;
    %pad/u 32;
    %cmpi/e 2, 0, 32;
    %jmp/0xz  T_0.10, 4;
    %pushi/vec4 0, 0, 2;
    %assign/vec4 v000001b1dd5772b0_0, 0;
    %pushi/vec4 0, 0, 4;
    %assign/vec4 v000001b1dd5432e0_0, 0;
T_0.10 ;
    %jmp T_0.5;
T_0.5 ;
    %pop/vec4 1;
T_0.1 ;
    %jmp T_0;
    .thread T_0;
    .scope S_000001b1dd576fd0;
T_1 ;
    %wait E_000001b1dd57ae00;
    %load/vec4 v000001b1dd5772b0_0;
    %store/vec4 v000001b1dd542e40_0, 0, 2;
    %jmp T_1;
    .thread T_1, $push;
    .scope S_000001b1dd529f20;
T_2 ;
    %pushi/vec4 0, 0, 1;
    %store/vec4 v000001b1dd577350_0, 0, 1;
T_2.0 ;
    %delay 5000, 0;
    %load/vec4 v000001b1dd577350_0;
    %inv;
    %store/vec4 v000001b1dd577350_0, 0, 1;
    %jmp T_2.0;
    %end;
    .thread T_2;
    .scope S_000001b1dd529f20;
T_3 ;
    %vpi_call 2 23 "$display", "Simulation started..." {0 0 0};
    %vpi_call 2 26 "$dumpfile", "traffic.vcd" {0 0 0};
    %vpi_call 2 27 "$dumpvars", 32'sb00000000000000000000000000000000, S_000001b1dd529f20 {0 0 0};
    %vpi_call 2 28 "$dumpvars", 32'sb00000000000000000000000000000000, S_000001b1dd576fd0 {0 0 0};
    %pushi/vec4 1, 0, 1;
    %store/vec4 v000001b1dd573110_0, 0, 1;
    %delay 20000, 0;
    %pushi/vec4 0, 0, 1;
    %store/vec4 v000001b1dd573110_0, 0, 1;
    %delay 200000, 0;
    %vpi_call 2 34 "$display", "Simulation ending..." {0 0 0};
    %vpi_call 2 35 "$finish" {0 0 0};
    %end;
    .thread T_3;
# The file index is used to find the file name in the following table.
:file_names 4;
    "N/A";
    "<interactive>";
    "tb_traffic.v";
    "traffic_light.v";
