#! /c/Source/iverilog-install/bin/vvp
:ivl_version "12.0 (devel)" "(s20150603-1539-g2693dd32b)";
:ivl_delay_selection "TYPICAL";
:vpi_time_precision - 12;
:vpi_module "C:\iverilog\lib\ivl\system.vpi";
:vpi_module "C:\iverilog\lib\ivl\vhdl_sys.vpi";
:vpi_module "C:\iverilog\lib\ivl\vhdl_textio.vpi";
:vpi_module "C:\iverilog\lib\ivl\v2005_math.vpi";
:vpi_module "C:\iverilog\lib\ivl\va_math.vpi";
S_00000278dfc5a4a0 .scope module, "tb_smart_traffic_controller" "tb_smart_traffic_controller" 2 3;
 .timescale -9 -12;
v00000278dfcc2600_0 .var "car_enter", 0 0;
v00000278dfcc29c0_0 .var "car_exit", 0 0;
v00000278dfcc24c0_0 .var "car_sensor", 0 0;
v00000278dfcc2b00_0 .var "clk", 0 0;
v00000278dfcc2920_0 .var "emergency", 0 0;
v00000278dfcc2560_0 .net "emergency_active", 0 0, v00000278dfcc1d90_0;  1 drivers
v00000278dfcc2a60_0 .net "parking_slots", 3 0, v00000278dfcc1ed0_0;  1 drivers
v00000278dfcc2240_0 .net "pedestrian_green", 0 0, v00000278dfc649b0_0;  1 drivers
v00000278dfcc2e20_0 .var "pedestrian_req", 0 0;
v00000278dfcc2ba0_0 .var "reset", 0 0;
v00000278dfcc2c40_0 .net "traffic_light", 1 0, v00000278dfcc2740_0;  1 drivers
S_00000278dfc6eb20 .scope module, "dut" "smart_traffic_controller" 2 19, 3 1 0, S_00000278dfc5a4a0;
 .timescale 0 0;
    .port_info 0 /INPUT 1 "clk";
    .port_info 1 /INPUT 1 "reset";
    .port_info 2 /INPUT 1 "car_sensor";
    .port_info 3 /INPUT 1 "pedestrian_req";
    .port_info 4 /INPUT 1 "emergency";
    .port_info 5 /INPUT 1 "car_enter";
    .port_info 6 /INPUT 1 "car_exit";
    .port_info 7 /OUTPUT 2 "traffic_light";
    .port_info 8 /OUTPUT 1 "pedestrian_green";
    .port_info 9 /OUTPUT 1 "emergency_active";
    .port_info 10 /OUTPUT 4 "parking_slots";
P_00000278dfc6ecb0 .param/l "s0_IDLE" 1 3 22, C4<000>;
P_00000278dfc6ece8 .param/l "s1_GREEN" 1 3 23, C4<001>;
P_00000278dfc6ed20 .param/l "s2_YELLOW" 1 3 24, C4<010>;
P_00000278dfc6ed58 .param/l "s3_RED" 1 3 25, C4<011>;
P_00000278dfc6ed90 .param/l "s4_EMERGENCY" 1 3 26, C4<100>;
P_00000278dfc6edc8 .param/l "s5_PEDESTRIAN" 1 3 27, C4<101>;
v00000278dfc5a630_0 .net "car_enter", 0 0, v00000278dfcc2600_0;  1 drivers
v00000278dfc32b10_0 .net "car_exit", 0 0, v00000278dfcc29c0_0;  1 drivers
v00000278dfc6eed0_0 .net "car_sensor", 0 0, v00000278dfcc24c0_0;  1 drivers
v00000278dfcc1c50_0 .net "clk", 0 0, v00000278dfcc2b00_0;  1 drivers
v00000278dfcc1cf0_0 .net "emergency", 0 0, v00000278dfcc2920_0;  1 drivers
v00000278dfcc1d90_0 .var "emergency_active", 0 0;
v00000278dfcc1e30_0 .var "next_state", 2 0;
v00000278dfcc1ed0_0 .var "parking_slots", 3 0;
v00000278dfc649b0_0 .var "pedestrian_green", 0 0;
v00000278dfc64a50_0 .net "pedestrian_req", 0 0, v00000278dfcc2e20_0;  1 drivers
v00000278dfc64af0_0 .net "reset", 0 0, v00000278dfcc2ba0_0;  1 drivers
v00000278dfc64b90_0 .var "state", 2 0;
v00000278dfcc2420_0 .var "timer", 3 0;
v00000278dfcc2740_0 .var "traffic_light", 1 0;
E_00000278dfc57300 .event anyedge, v00000278dfc64b90_0;
E_00000278dfc56c00/0 .event anyedge, v00000278dfc64b90_0, v00000278dfcc1cf0_0, v00000278dfc64a50_0, v00000278dfc6eed0_0;
E_00000278dfc56c00/1 .event anyedge, v00000278dfcc2420_0;
E_00000278dfc56c00 .event/or E_00000278dfc56c00/0, E_00000278dfc56c00/1;
E_00000278dfc57340 .event posedge, v00000278dfcc1c50_0;
E_00000278dfc573c0 .event posedge, v00000278dfc64af0_0, v00000278dfcc1c50_0;
    .scope S_00000278dfc6eb20;
T_0 ;
    %wait E_00000278dfc573c0;
    %load/vec4 v00000278dfc64af0_0;
    %flag_set/vec4 8;
    %jmp/0xz  T_0.0, 8;
    %pushi/vec4 0, 0, 3;
    %assign/vec4 v00000278dfc64b90_0, 0;
    %pushi/vec4 0, 0, 4;
    %assign/vec4 v00000278dfcc2420_0, 0;
    %pushi/vec4 10, 0, 4;
    %assign/vec4 v00000278dfcc1ed0_0, 0;
    %jmp T_0.1;
T_0.0 ;
    %load/vec4 v00000278dfcc1e30_0;
    %assign/vec4 v00000278dfc64b90_0, 0;
    %load/vec4 v00000278dfc64b90_0;
    %load/vec4 v00000278dfcc1e30_0;
    %cmp/ne;
    %jmp/0xz  T_0.2, 4;
    %pushi/vec4 0, 0, 4;
    %assign/vec4 v00000278dfcc2420_0, 0;
    %jmp T_0.3;
T_0.2 ;
    %load/vec4 v00000278dfcc2420_0;
    %addi 1, 0, 4;
    %assign/vec4 v00000278dfcc2420_0, 0;
T_0.3 ;
T_0.1 ;
    %jmp T_0;
    .thread T_0;
    .scope S_00000278dfc6eb20;
T_1 ;
    %wait E_00000278dfc57340;
    %load/vec4 v00000278dfc64af0_0;
    %nor/r;
    %flag_set/vec4 8;
    %jmp/0xz  T_1.0, 8;
    %load/vec4 v00000278dfc5a630_0;
    %flag_set/vec4 9;
    %flag_get/vec4 9;
    %jmp/0 T_1.4, 9;
    %pushi/vec4 0, 0, 32;
    %load/vec4 v00000278dfcc1ed0_0;
    %pad/u 32;
    %cmp/u;
    %flag_get/vec4 5;
    %and;
T_1.4;
    %flag_set/vec4 8;
    %jmp/0xz  T_1.2, 8;
    %load/vec4 v00000278dfcc1ed0_0;
    %subi 1, 0, 4;
    %assign/vec4 v00000278dfcc1ed0_0, 0;
    %jmp T_1.3;
T_1.2 ;
    %load/vec4 v00000278dfc32b10_0;
    %flag_set/vec4 9;
    %flag_get/vec4 9;
    %jmp/0 T_1.7, 9;
    %load/vec4 v00000278dfcc1ed0_0;
    %pad/u 32;
    %cmpi/u 10, 0, 32;
    %flag_get/vec4 5;
    %and;
T_1.7;
    %flag_set/vec4 8;
    %jmp/0xz  T_1.5, 8;
    %load/vec4 v00000278dfcc1ed0_0;
    %addi 1, 0, 4;
    %assign/vec4 v00000278dfcc1ed0_0, 0;
T_1.5 ;
T_1.3 ;
T_1.0 ;
    %jmp T_1;
    .thread T_1;
    .scope S_00000278dfc6eb20;
T_2 ;
    %wait E_00000278dfc56c00;
    %load/vec4 v00000278dfc64b90_0;
    %store/vec4 v00000278dfcc1e30_0, 0, 3;
    %load/vec4 v00000278dfc64b90_0;
    %dup/vec4;
    %pushi/vec4 0, 0, 3;
    %cmp/u;
    %jmp/1 T_2.0, 6;
    %dup/vec4;
    %pushi/vec4 1, 0, 3;
    %cmp/u;
    %jmp/1 T_2.1, 6;
    %dup/vec4;
    %pushi/vec4 2, 0, 3;
    %cmp/u;
    %jmp/1 T_2.2, 6;
    %dup/vec4;
    %pushi/vec4 3, 0, 3;
    %cmp/u;
    %jmp/1 T_2.3, 6;
    %dup/vec4;
    %pushi/vec4 5, 0, 3;
    %cmp/u;
    %jmp/1 T_2.4, 6;
    %dup/vec4;
    %pushi/vec4 4, 0, 3;
    %cmp/u;
    %jmp/1 T_2.5, 6;
    %pushi/vec4 0, 0, 3;
    %store/vec4 v00000278dfcc1e30_0, 0, 3;
    %jmp T_2.7;
T_2.0 ;
    %load/vec4 v00000278dfcc1cf0_0;
    %flag_set/vec4 8;
    %jmp/0xz  T_2.8, 8;
    %pushi/vec4 4, 0, 3;
    %store/vec4 v00000278dfcc1e30_0, 0, 3;
    %jmp T_2.9;
T_2.8 ;
    %load/vec4 v00000278dfc64a50_0;
    %flag_set/vec4 8;
    %jmp/0xz  T_2.10, 8;
    %pushi/vec4 5, 0, 3;
    %store/vec4 v00000278dfcc1e30_0, 0, 3;
    %jmp T_2.11;
T_2.10 ;
    %load/vec4 v00000278dfc6eed0_0;
    %flag_set/vec4 8;
    %jmp/0xz  T_2.12, 8;
    %pushi/vec4 1, 0, 3;
    %store/vec4 v00000278dfcc1e30_0, 0, 3;
T_2.12 ;
T_2.11 ;
T_2.9 ;
    %jmp T_2.7;
T_2.1 ;
    %load/vec4 v00000278dfcc1cf0_0;
    %flag_set/vec4 8;
    %jmp/0xz  T_2.14, 8;
    %pushi/vec4 4, 0, 3;
    %store/vec4 v00000278dfcc1e30_0, 0, 3;
    %jmp T_2.15;
T_2.14 ;
    %load/vec4 v00000278dfcc2420_0;
    %pad/u 32;
    %cmpi/e 4, 0, 32;
    %jmp/0xz  T_2.16, 4;
    %pushi/vec4 2, 0, 3;
    %store/vec4 v00000278dfcc1e30_0, 0, 3;
T_2.16 ;
T_2.15 ;
    %jmp T_2.7;
T_2.2 ;
    %load/vec4 v00000278dfcc2420_0;
    %pad/u 32;
    %cmpi/e 2, 0, 32;
    %jmp/0xz  T_2.18, 4;
    %pushi/vec4 3, 0, 3;
    %store/vec4 v00000278dfcc1e30_0, 0, 3;
T_2.18 ;
    %jmp T_2.7;
T_2.3 ;
    %load/vec4 v00000278dfcc2420_0;
    %pad/u 32;
    %cmpi/e 3, 0, 32;
    %jmp/0xz  T_2.20, 4;
    %pushi/vec4 0, 0, 3;
    %store/vec4 v00000278dfcc1e30_0, 0, 3;
T_2.20 ;
    %jmp T_2.7;
T_2.4 ;
    %load/vec4 v00000278dfcc2420_0;
    %pad/u 32;
    %cmpi/e 3, 0, 32;
    %jmp/0xz  T_2.22, 4;
    %pushi/vec4 0, 0, 3;
    %store/vec4 v00000278dfcc1e30_0, 0, 3;
T_2.22 ;
    %jmp T_2.7;
T_2.5 ;
    %load/vec4 v00000278dfcc1cf0_0;
    %nor/r;
    %flag_set/vec4 8;
    %jmp/0xz  T_2.24, 8;
    %pushi/vec4 0, 0, 3;
    %store/vec4 v00000278dfcc1e30_0, 0, 3;
T_2.24 ;
    %jmp T_2.7;
T_2.7 ;
    %pop/vec4 1;
    %jmp T_2;
    .thread T_2, $push;
    .scope S_00000278dfc6eb20;
T_3 ;
    %wait E_00000278dfc57300;
    %pushi/vec4 0, 0, 2;
    %store/vec4 v00000278dfcc2740_0, 0, 2;
    %pushi/vec4 0, 0, 1;
    %store/vec4 v00000278dfc649b0_0, 0, 1;
    %pushi/vec4 0, 0, 1;
    %store/vec4 v00000278dfcc1d90_0, 0, 1;
    %load/vec4 v00000278dfc64b90_0;
    %dup/vec4;
    %pushi/vec4 1, 0, 3;
    %cmp/u;
    %jmp/1 T_3.0, 6;
    %dup/vec4;
    %pushi/vec4 2, 0, 3;
    %cmp/u;
    %jmp/1 T_3.1, 6;
    %dup/vec4;
    %pushi/vec4 3, 0, 3;
    %cmp/u;
    %jmp/1 T_3.2, 6;
    %dup/vec4;
    %pushi/vec4 5, 0, 3;
    %cmp/u;
    %jmp/1 T_3.3, 6;
    %dup/vec4;
    %pushi/vec4 4, 0, 3;
    %cmp/u;
    %jmp/1 T_3.4, 6;
    %jmp T_3.5;
T_3.0 ;
    %pushi/vec4 2, 0, 2;
    %store/vec4 v00000278dfcc2740_0, 0, 2;
    %jmp T_3.5;
T_3.1 ;
    %pushi/vec4 1, 0, 2;
    %store/vec4 v00000278dfcc2740_0, 0, 2;
    %jmp T_3.5;
T_3.2 ;
    %pushi/vec4 0, 0, 2;
    %store/vec4 v00000278dfcc2740_0, 0, 2;
    %jmp T_3.5;
T_3.3 ;
    %pushi/vec4 0, 0, 2;
    %store/vec4 v00000278dfcc2740_0, 0, 2;
    %pushi/vec4 1, 0, 1;
    %store/vec4 v00000278dfc649b0_0, 0, 1;
    %jmp T_3.5;
T_3.4 ;
    %pushi/vec4 2, 0, 2;
    %store/vec4 v00000278dfcc2740_0, 0, 2;
    %pushi/vec4 1, 0, 1;
    %store/vec4 v00000278dfcc1d90_0, 0, 1;
    %jmp T_3.5;
T_3.5 ;
    %pop/vec4 1;
    %jmp T_3;
    .thread T_3, $push;
    .scope S_00000278dfc5a4a0;
T_4 ;
    %pushi/vec4 0, 0, 1;
    %store/vec4 v00000278dfcc2b00_0, 0, 1;
T_4.0 ;
    %delay 5000, 0;
    %load/vec4 v00000278dfcc2b00_0;
    %inv;
    %store/vec4 v00000278dfcc2b00_0, 0, 1;
    %jmp T_4.0;
    %end;
    .thread T_4;
    .scope S_00000278dfc5a4a0;
T_5 ;
    %vpi_call 2 40 "$dumpfile", "smart_traffic.vcd" {0 0 0};
    %vpi_call 2 41 "$dumpvars", 32'sb00000000000000000000000000000000, S_00000278dfc5a4a0 {0 0 0};
    %pushi/vec4 1, 0, 1;
    %store/vec4 v00000278dfcc2ba0_0, 0, 1;
    %pushi/vec4 0, 0, 1;
    %store/vec4 v00000278dfcc24c0_0, 0, 1;
    %pushi/vec4 0, 0, 1;
    %store/vec4 v00000278dfcc2e20_0, 0, 1;
    %pushi/vec4 0, 0, 1;
    %store/vec4 v00000278dfcc2920_0, 0, 1;
    %pushi/vec4 0, 0, 1;
    %store/vec4 v00000278dfcc2600_0, 0, 1;
    %pushi/vec4 0, 0, 1;
    %store/vec4 v00000278dfcc29c0_0, 0, 1;
    %delay 20000, 0;
    %pushi/vec4 0, 0, 1;
    %store/vec4 v00000278dfcc2ba0_0, 0, 1;
    %delay 20000, 0;
    %pushi/vec4 1, 0, 1;
    %store/vec4 v00000278dfcc24c0_0, 0, 1;
    %delay 10000, 0;
    %pushi/vec4 0, 0, 1;
    %store/vec4 v00000278dfcc24c0_0, 0, 1;
    %delay 60000, 0;
    %pushi/vec4 1, 0, 1;
    %store/vec4 v00000278dfcc2e20_0, 0, 1;
    %delay 10000, 0;
    %pushi/vec4 0, 0, 1;
    %store/vec4 v00000278dfcc2e20_0, 0, 1;
    %delay 80000, 0;
    %pushi/vec4 1, 0, 1;
    %store/vec4 v00000278dfcc2920_0, 0, 1;
    %delay 40000, 0;
    %pushi/vec4 0, 0, 1;
    %store/vec4 v00000278dfcc2920_0, 0, 1;
    %delay 20000, 0;
    %pushi/vec4 1, 0, 1;
    %store/vec4 v00000278dfcc2600_0, 0, 1;
    %delay 10000, 0;
    %pushi/vec4 0, 0, 1;
    %store/vec4 v00000278dfcc2600_0, 0, 1;
    %delay 20000, 0;
    %pushi/vec4 1, 0, 1;
    %store/vec4 v00000278dfcc29c0_0, 0, 1;
    %delay 10000, 0;
    %pushi/vec4 0, 0, 1;
    %store/vec4 v00000278dfcc29c0_0, 0, 1;
    %delay 200000, 0;
    %vpi_call 2 71 "$finish" {0 0 0};
    %end;
    .thread T_5;
# The file index is used to find the file name in the following table.
:file_names 4;
    "N/A";
    "<interactive>";
    "tb_trafficv3.v";
    "trafficv3.v";
